[debug] [2021-04-10T04:11:28.315Z] ----------------------------------------------------------------------
[debug] [2021-04-10T04:11:28.317Z] Command:       /usr/local/Cellar/node/14.14.0/bin/node /usr/local/bin/firebase functions:shell
[debug] [2021-04-10T04:11:28.317Z] CLI Version:   8.7.0
[debug] [2021-04-10T04:11:28.317Z] Platform:      darwin
[debug] [2021-04-10T04:11:28.317Z] Node Version:  v14.14.0
[debug] [2021-04-10T04:11:28.318Z] Time:          Fri Apr 09 2021 21:11:28 GMT-0700 (Pacific Daylight Time)
[debug] [2021-04-10T04:11:28.319Z] ----------------------------------------------------------------------
[debug] [2021-04-10T04:11:28.319Z] 
[debug] [2021-04-10T04:11:28.337Z] > command requires scopes: ["email","openid","https://www.googleapis.com/auth/cloudplatformprojects.readonly","https://www.googleapis.com/auth/firebase","https://www.googleapis.com/auth/cloud-platform"]
[debug] [2021-04-10T04:11:28.338Z] > authorizing via signed-in user
[debug] [2021-04-10T04:11:28.338Z] [iam] checking project pk-consensus for permissions ["firebase.projects.get"]
[debug] [2021-04-10T04:11:28.341Z] > refreshing access token with scopes: ["email","https://www.googleapis.com/auth/cloud-platform","https://www.googleapis.com/auth/cloudplatformprojects.readonly","https://www.googleapis.com/auth/firebase","openid"]
[debug] [2021-04-10T04:11:28.341Z] >>> HTTP REQUEST POST https://www.googleapis.com/oauth2/v3/token  
 <request body omitted>
[debug] [2021-04-10T04:11:28.639Z] <<< HTTP RESPONSE 200 {"date":"Sat, 10 Apr 2021 04:11:28 GMT","pragma":"no-cache","cache-control":"no-cache, no-store, max-age=0, must-revalidate","expires":"Mon, 01 Jan 1990 00:00:00 GMT","content-type":"application/json; charset=utf-8","vary":"X-Origin, Referer, Origin,Accept-Encoding","server":"scaffolding on HTTPServer2","x-xss-protection":"0","x-frame-options":"SAMEORIGIN","x-content-type-options":"nosniff","alt-svc":"h3-29=\":443\"; ma=2592000,h3-T051=\":443\"; ma=2592000,h3-Q050=\":443\"; ma=2592000,h3-Q046=\":443\"; ma=2592000,h3-Q043=\":443\"; ma=2592000,quic=\":443\"; ma=2592000; v=\"46,43\"","accept-ranges":"none","transfer-encoding":"chunked"}
[debug] [2021-04-10T04:11:28.653Z] >>> HTTP REQUEST POST https://cloudresourcemanager.googleapis.com/v1/projects/pk-consensus:testIamPermissions  
 {"permissions":["firebase.projects.get"]}
[debug] [2021-04-10T04:11:28.940Z] <<< HTTP RESPONSE 200 {"content-type":"application/json; charset=UTF-8","vary":"X-Origin, Referer, Origin,Accept-Encoding","date":"Sat, 10 Apr 2021 04:11:28 GMT","server":"ESF","cache-control":"private","x-xss-protection":"0","x-frame-options":"SAMEORIGIN","x-content-type-options":"nosniff","server-timing":"gfet4t7; dur=73","alt-svc":"h3-29=\":443\"; ma=2592000,h3-T051=\":443\"; ma=2592000,h3-Q050=\":443\"; ma=2592000,h3-Q046=\":443\"; ma=2592000,h3-Q043=\":443\"; ma=2592000,quic=\":443\"; ma=2592000; v=\"46,43\"","accept-ranges":"none","transfer-encoding":"chunked"}
[warn] ⚠  Your requested "node" version "12" doesn't match your global version "14" {"metadata":{"emulator":{"name":"functions"},"message":"Your requested \"node\" version \"12\" doesn't match your global version \"14\""}}
[debug] [2021-04-10T04:11:29.245Z] [functions] Watching "/Users/patrickkuang/Projects/consensus/server/functions" for Cloud Functions...
[debug] [2021-04-10T04:11:29.257Z] DEBUG: [worker-pool] addWorker(~diagnostic~)
[debug] [2021-04-10T04:11:29.257Z] DEBUG: [worker-pool] Adding worker with key ~diagnostic~, total=1
[debug] [2021-04-10T04:11:29.257Z] DEBUG: [worker-pool] submitWork(triggerId=)
[debug] [2021-04-10T04:11:29.258Z] DEBUG: [worker-~diagnostic~-a6e5f44a-7e8e-4b86-8e57-062be3e4fb03]: Assigning socketPath: /var/folders/lj/2t_0m3fs6r50_wtwzbx8q_vc0000gn/T/fire_emu_37791.sock
[debug] [2021-04-10T04:11:29.258Z] DEBUG: [worker-~diagnostic~-a6e5f44a-7e8e-4b86-8e57-062be3e4fb03]: BUSY
[debug] [2021-04-10T04:11:29.493Z] DEBUG: [runtime-status] [37791] Functions runtime initialized. {"cwd":"/Users/patrickkuang/Projects/consensus/server/functions","node_version":"14.14.0"}
[debug] [2021-04-10T04:11:29.493Z] DEBUG: [runtime-status] [37791] Disabled runtime features: undefined
[debug] [2021-04-10T04:11:29.499Z] DEBUG: [runtime-status] [37791] Resolved module firebase-admin {"declared":true,"installed":true,"version":"9.5.0","resolution":"/Users/patrickkuang/Projects/consensus/server/functions/node_modules/firebase-admin/lib/index.js"}
[debug] [2021-04-10T04:11:29.501Z] DEBUG: [runtime-status] [37791] Resolved module firebase-functions {"declared":true,"installed":true,"version":"3.13.2","resolution":"/Users/patrickkuang/Projects/consensus/server/functions/node_modules/firebase-functions/lib/index.js"}
[debug] [2021-04-10T04:11:29.503Z] DEBUG: [runtime-status] [37791] Resolved module firebase-functions {"declared":true,"installed":true,"version":"3.13.2","resolution":"/Users/patrickkuang/Projects/consensus/server/functions/node_modules/firebase-functions/lib/index.js"}
[debug] [2021-04-10T04:11:29.505Z] DEBUG: [runtime-status] [37791] Outgoing network have been stubbed. [{"name":"http","status":"mocked"},{"name":"http","status":"mocked"},{"name":"https","status":"mocked"},{"name":"https","status":"mocked"},{"name":"net","status":"mocked"}]
[debug] [2021-04-10T04:11:29.505Z] DEBUG: [runtime-status] [37791] Resolved module firebase-functions {"declared":true,"installed":true,"version":"3.13.2","resolution":"/Users/patrickkuang/Projects/consensus/server/functions/node_modules/firebase-functions/lib/index.js"}
[debug] [2021-04-10T04:11:29.590Z] DEBUG: [runtime-status] [37791] Checked functions.config() {"config":{}}
[debug] [2021-04-10T04:11:29.590Z] DEBUG: [runtime-status] [37791] firebase-functions has been stubbed. {"functionsResolution":{"declared":true,"installed":true,"version":"3.13.2","resolution":"/Users/patrickkuang/Projects/consensus/server/functions/node_modules/firebase-functions/lib/index.js"}}
[debug] [2021-04-10T04:11:29.591Z] DEBUG: [runtime-status] [37791] Resolved module firebase-functions {"declared":true,"installed":true,"version":"3.13.2","resolution":"/Users/patrickkuang/Projects/consensus/server/functions/node_modules/firebase-functions/lib/index.js"}
[debug] [2021-04-10T04:11:29.592Z] DEBUG: [runtime-status] [37791] Resolved module firebase-admin {"declared":true,"installed":true,"version":"9.5.0","resolution":"/Users/patrickkuang/Projects/consensus/server/functions/node_modules/firebase-admin/lib/index.js"}
[debug] [2021-04-10T04:11:29.592Z] DEBUG: [runtime-status] [37791] Resolved module firebase-functions {"declared":true,"installed":true,"version":"3.13.2","resolution":"/Users/patrickkuang/Projects/consensus/server/functions/node_modules/firebase-functions/lib/index.js"}
[debug] [2021-04-10T04:11:29.592Z] DEBUG: [runtime-status] [37791] firebase-admin has been stubbed. {"adminResolution":{"declared":true,"installed":true,"version":"9.5.0","resolution":"/Users/patrickkuang/Projects/consensus/server/functions/node_modules/firebase-admin/lib/index.js"}}
[debug] [2021-04-10T04:11:29.594Z] DEBUG: [runtime-status] [37791] initializeApp(DEFAULT) {"databaseURL":"https://pk-consensus.firebaseio.com","storageBucket":"pk-consensus.appspot.com","projectId":"pk-consensus"}
[debug] [2021-04-10T04:11:29.866Z] [functions[yelp]] http function initialized (http://localhost:5000/pk-consensus/us-central1/yelp).
[info] i  functions: Loaded functions: yelp 
[warn] ⚠  functions: The following emulators are not running, calls to these services will affect production: firestore, database, pubsub 
[debug] [2021-04-10T04:11:29.888Z] DEBUG: [worker-~diagnostic~-a6e5f44a-7e8e-4b86-8e57-062be3e4fb03]: IDLE
